# JRE version: Java(TM) SE Runtime Environment (17.0.12+8) (build 17.0.12+8-LTS-286)
# Java VM: Java HotSpot(TM) 64-Bit Server VM (17.0.12+8-LTS-286, mixed mode, sharing, tiered, compressed oops, compressed class ptrs, g1 gc, windows-amd64)
GC Precious Log:
 CPUs: 4 total, 4 available
 Memory: 3981M
 Large Page Support: Disabled
 NUMA Support: Disabled
 Compressed Oops: Enabled (32-bit)
 Heap Region Size: 1M
 Heap Min Capacity: 8M
 Heap Initial Capacity: 64M
 Heap Max Capacity: 996M
 Pre-touch: Disabled
 Parallel Workers: 4
 Concurrent Workers: 1
 Concurrent Refinement Workers: 4
 Periodic GC: Disabled
Heap:
 garbage-first heap   total 51200K, used 16056K [0x00000000c1c00000, 0x0000000100000000)
  region size 1024K, 1 young (1024K), 1 survivors (1024K)
 Metaspace       used 23153K, committed 23360K, reserved 1114112K
  class space    used 2826K, committed 2944K, reserved 1048576K
GC Heap History (17 events):
Event: 1.208 GC heap before
{Heap before GC invocations=0 (full 0):
 garbage-first heap   total 65536K, used 13312K [0x00000000c1c00000, 0x0000000100000000)
  region size 1024K, 13 young (13312K), 0 survivors (0K)
 Metaspace       used 2768K, committed 2944K, reserved 1114112K
  class space    used 291K, committed 384K, reserved 1048576K
}
Event: 1.215 GC heap after
{Heap after GC invocations=1 (full 0):
 garbage-first heap   total 65536K, used 2024K [0x00000000c1c00000, 0x0000000100000000)
  region size 1024K, 2 young (2048K), 2 survivors (2048K)
 Metaspace       used 2768K, committed 2944K, reserved 1114112K
  class space    used 291K, committed 384K, reserved 1048576K
}
Event: 1.785 GC heap before
{Heap before GC invocations=1 (full 0):
 garbage-first heap   total 65536K, used 17384K [0x00000000c1c00000, 0x0000000100000000)
  region size 1024K, 18 young (18432K), 2 survivors (2048K)
 Metaspace       used 7222K, committed 7424K, reserved 1114112K
  class space    used 910K, committed 1024K, reserved 1048576K
}
Event: 1.792 GC heap after
{Heap after GC invocations=2 (full 0):
 garbage-first heap   total 65536K, used 4703K [0x00000000c1c00000, 0x0000000100000000)
  region size 1024K, 3 young (3072K), 3 survivors (3072K)
 Metaspace       used 7222K, committed 7424K, reserved 1114112K
  class space    used 910K, committed 1024K, reserved 1048576K
}
Event: 4.285 GC heap before
{Heap before GC invocations=2 (full 0):
 garbage-first heap   total 65536K, used 39519K [0x00000000c1c00000, 0x0000000100000000)
  region size 1024K, 38 young (38912K), 3 survivors (3072K)
 Metaspace       used 20058K, committed 20288K, reserved 1114112K
  class space    used 2620K, committed 2752K, reserved 1048576K
}
Event: 4.299 GC heap after
{Heap after GC invocations=3 (full 0):
 garbage-first heap   total 65536K, used 10832K [0x00000000c1c00000, 0x0000000100000000)
  region size 1024K, 5 young (5120K), 5 survivors (5120K)
 Metaspace       used 20058K, committed 20288K, reserved 1114112K
  class space    used 2620K, committed 2752K, reserved 1048576K
}
Event: 4.564 GC heap before
{Heap before GC invocations=3 (full 0):
 garbage-first heap   total 65536K, used 16976K [0x00000000c1c00000, 0x0000000100000000)
  region size 1024K, 10 young (10240K), 5 survivors (5120K)
 Metaspace       used 21255K, committed 21504K, reserved 1114112K
  class space    used 2761K, committed 2880K, reserved 1048576K
}
Event: 4.578 GC heap after
{Heap after GC invocations=4 (full 0):
 garbage-first heap   total 65536K, used 13988K [0x00000000c1c00000, 0x0000000100000000)
  region size 1024K, 1 young (1024K), 1 survivors (1024K)
 Metaspace       used 21255K, committed 21504K, reserved 1114112K
  class space    used 2761K, committed 2880K, reserved 1048576K
}
Event: 122.971 GC heap before
{Heap before GC invocations=5 (full 0):
 garbage-first heap   total 51200K, used 41636K [0x00000000c1c00000, 0x0000000100000000)
  region size 1024K, 26 young (26624K), 1 survivors (1024K)
 Metaspace       used 23146K, committed 23360K, reserved 1114112K
  class space    used 2826K, committed 2944K, reserved 1048576K
}
Event: 123.794 GC heap after
{Heap after GC invocations=6 (full 0):
 garbage-first heap   total 51200K, used 16252K [0x00000000c1c00000, 0x0000000100000000)
  region size 1024K, 3 young (3072K), 3 survivors (3072K)
 Metaspace       used 23146K, committed 23360K, reserved 1114112K
  class space    used 2826K, committed 2944K, reserved 1048576K
}
Event: 164.341 GC heap before
{Heap before GC invocations=6 (full 0):
 garbage-first heap   total 51200K, used 17276K [0x00000000c1c00000, 0x0000000100000000)
  region size 1024K, 4 young (4096K), 3 survivors (3072K)
 Metaspace       used 23152K, committed 23360K, reserved 1114112K
  class space    used 2826K, committed 2944K, reserved 1048576K
}
Event: 165.036 GC heap after
{Heap after GC invocations=7 (full 0):
 garbage-first heap   total 51200K, used 16349K [0x00000000c1c00000, 0x0000000100000000)
  region size 1024K, 1 young (1024K), 1 survivors (1024K)
 Metaspace       used 23152K, committed 23360K, reserved 1114112K
  class space    used 2826K, committed 2944K, reserved 1048576K
}
Event: 202.933 GC heap before
{Heap before GC invocations=7 (full 0):
 garbage-first heap   total 51200K, used 17373K [0x00000000c1c00000, 0x0000000100000000)
  region size 1024K, 2 young (2048K), 1 survivors (1024K)
 Metaspace       used 23152K, committed 23360K, reserved 1114112K
  class space    used 2826K, committed 2944K, reserved 1048576K
}
Event: 205.689 GC heap after
{Heap after GC invocations=8 (full 0):
 garbage-first heap   total 51200K, used 16123K [0x00000000c1c00000, 0x0000000100000000)
  region size 1024K, 1 young (1024K), 1 survivors (1024K)
 Metaspace       used 23152K, committed 23360K, reserved 1114112K
  class space    used 2826K, committed 2944K, reserved 1048576K
}
Event: 238.447 GC heap before
{Heap before GC invocations=8 (full 0):
 garbage-first heap   total 51200K, used 17147K [0x00000000c1c00000, 0x0000000100000000)
  region size 1024K, 2 young (2048K), 1 survivors (1024K)
 Metaspace       used 23152K, committed 23360K, reserved 1114112K
  class space    used 2826K, committed 2944K, reserved 1048576K
}
Event: 238.897 GC heap after
{Heap after GC invocations=9 (full 0):
 garbage-first heap   total 51200K, used 16067K [0x00000000c1c00000, 0x0000000100000000)
  region size 1024K, 1 young (1024K), 1 survivors (1024K)
 Metaspace       used 23152K, committed 23360K, reserved 1114112K
  class space    used 2826K, committed 2944K, reserved 1048576K
}
Event: 271.129 GC heap before
{Heap before GC invocations=9 (full 0):
 garbage-first heap   total 51200K, used 17091K [0x00000000c1c00000, 0x0000000100000000)
  region size 1024K, 2 young (2048K), 1 survivors (1024K)
 Metaspace       used 23153K, committed 23360K, reserved 1114112K
  class space    used 2826K, committed 2944K, reserved 1048576K
}

